<?xml version="1.0" encoding="UTF-8"?>
<!-- Generated by org.testng.reporters.JUnitXMLReporter -->
<testsuite ignored="1" hostname="DESKTOP-D9L1E3E" failures="0" tests="1" name="Default test" time="10.884" errors="0" timestamp="2022-02-14T20:04:02 EST">
  <testcase classname="com.instagramPageTest.InstagramLogInTest" name="instagramLogInTest1" time="5.757"/>
  <testcase classname="com.instagramPageTest.InstagramLogInTest" name="instagramLogInTest" time="0.0">
    <ignored/>
  </testcase> <!-- instagramLogInTest -->
</testsuite> <!-- Default test -->
