<?xml version="1.0" encoding="UTF-8"?>
<!-- Generated by org.testng.reporters.JUnitXMLReporter -->
<testsuite ignored="1" hostname="DESKTOP-D9L1E3E" failures="0" tests="3" name="Test" time="28.641" errors="0" timestamp="2022-02-14T20:04:39 EST">
  <testcase classname="com.registerTest.RegisterTest" name="registerTest" time="5.728"/>
  <testcase classname="com.crtAnAccountTest.CreateAccountTest" name="createAccountTest" time="5.199"/>
  <testcase classname="com.instagramPageTest.InstagramLogInTest" name="instagramLogInTest1" time="5.192"/>
  <testcase classname="com.instagramPageTest.InstagramLogInTest" name="instagramLogInTest" time="0.0">
    <ignored/>
  </testcase> <!-- instagramLogInTest -->
</testsuite> <!-- Test -->
