<?xml version="1.0" encoding="UTF-8"?>
<!-- Generated by org.testng.reporters.JUnitXMLReporter -->
<testsuite ignored="0" hostname="DESKTOP-D9L1E3E" failures="1" tests="2" name="Test" time="19.375" errors="0" timestamp="2022-02-11T18:47:39 EST">
  <testcase classname="com.registerTest.RegisterTest" name="registerTest" time="4.507"/>
  <testcase classname="com.crtAnAccountTest.CreateAccountTest" name="createAccountTest" time="3.406">
    <failure type="java.lang.Error" message="Unresolved compilation problem: 
	Multi-catch parameters are not allowed for source level below 1.7
">
      <![CDATA[java.lang.Error: Unresolved compilation problem: 
Multi-catch parameters are not allowed for source level below 1.7

at com.commonPackage.CommonMethods.writeText(CommonMethods.java:43)
at com.webPages.CreateAccountPage.memberIdStep(CreateAccountPage.java:68)
at com.webPages.CreateAccountPage.accountSteps(CreateAccountPage.java:106)
at com.crtAnAccountTest.CreateAccountTest.createAccountTest(CreateAccountTest.java:11)
at java.base/java.util.ArrayList.forEach(ArrayList.java:1511)
... Removed 27 stack frames]]>
    </failure>
  </testcase> <!-- createAccountTest -->
</testsuite> <!-- Test -->
