<?xml version="1.0" encoding="UTF-8"?>
<testng-results ignored="0" total="1" passed="1" failed="0" skipped="0">
  <reporter-output>
  </reporter-output>
  <suite started-at="2022-02-03T02:34:36 EST" name="Default suite" finished-at="2022-02-03T02:34:46 EST" duration-ms="9837">
    <groups>
    </groups>
    <test started-at="2022-02-03T02:34:36 EST" name="Default test" finished-at="2022-02-03T02:34:46 EST" duration-ms="9837">
      <class name="com.registerAnAccountTest.RegisterTest">
        <test-method is-config="true" signature="setUp()[pri:0, instance:com.registerAnAccountTest.RegisterTest@4d0f2471]" started-at="2022-02-03T02:34:36 EST" name="setUp" finished-at="2022-02-03T02:34:40 EST" duration-ms="4103" status="PASS">
          <reporter-output>
          </reporter-output>
        </test-method> <!-- setUp -->
        <test-method signature="registerTest1()[pri:0, instance:com.registerAnAccountTest.RegisterTest@4d0f2471]" started-at="2022-02-03T02:34:40 EST" name="registerTest1" finished-at="2022-02-03T02:34:46 EST" duration-ms="5699" status="PASS">
          <reporter-output>
          </reporter-output>
        </test-method> <!-- registerTest1 -->
        <test-method is-config="true" signature="tearUp()[pri:0, instance:com.registerAnAccountTest.RegisterTest@4d0f2471]" started-at="2022-02-03T02:34:46 EST" name="tearUp" finished-at="2022-02-03T02:34:46 EST" duration-ms="1" status="PASS">
          <reporter-output>
          </reporter-output>
        </test-method> <!-- tearUp -->
      </class> <!-- com.registerAnAccountTest.RegisterTest -->
    </test> <!-- Default test -->
  </suite> <!-- Default suite -->
</testng-results>
